2025-11-21 06:31:19,919 - INFO - root - DB Structure updated successfully.
2025-11-21 06:31:19,982 - INFO - __main__ - Bot started...
2025-11-21 06:31:20,219 - INFO - httpx - HTTP Request: POST https://api.telegram.org/bot8466974806:AAHLSzK9xJzbLH1ckfXoPCyE4SjIAYD-pfM/getMe "HTTP/1.1 200 OK"
2025-11-21 06:31:20,288 - INFO - httpx - HTTP Request: POST https://api.telegram.org/bot8466974806:AAHLSzK9xJzbLH1ckfXoPCyE4SjIAYD-pfM/deleteWebhook "HTTP/1.1 200 OK"
2025-11-21 06:31:20,290 - INFO - telegram.ext.Application - Application started
2025-11-21 06:31:21,203 - INFO - httpx - HTTP Request: POST https://api.telegram.org/bot8466974806:AAHLSzK9xJzbLH1ckfXoPCyE4SjIAYD-pfM/getUpdates "HTTP/1.1 200 OK"
2025-11-21 06:31:24,088 - INFO - httpx - HTTP Request: POST https://api.telegram.org/bot8466974806:AAHLSzK9xJzbLH1ckfXoPCyE4SjIAYD-pfM/sendMessage "HTTP/1.1 200 OK"
2025-11-21 06:31:25,367 - INFO - httpx - HTTP Request: POST https://api.telegram.org/bot8466974806:AAHLSzK9xJzbLH1ckfXoPCyE4SjIAYD-pfM/getUpdates "HTTP/1.1 200 OK"
2025-11-21 06:31:28,154 - INFO - httpx - HTTP Request: POST https://api.telegram.org/bot8466974806:AAHLSzK9xJzbLH1ckfXoPCyE4SjIAYD-pfM/answerCallbackQuery "HTTP/1.1 200 OK"
2025-11-21 06:31:28,256 - INFO - httpx - HTTP Request: POST https://api.telegram.org/bot8466974806:AAHLSzK9xJzbLH1ckfXoPCyE4SjIAYD-pfM/sendMessage "HTTP/1.1 200 OK"
2025-11-21 06:31:33,382 - INFO - httpx - HTTP Request: POST https://api.telegram.org/bot8466974806:AAHLSzK9xJzbLH1ckfXoPCyE4SjIAYD-pfM/getUpdates "HTTP/1.1 200 OK"
2025-11-21 06:31:34,962 - INFO - httpx - HTTP Request: POST https://api.telegram.org/bot8466974806:AAHLSzK9xJzbLH1ckfXoPCyE4SjIAYD-pfM/editMessageText "HTTP/1.1 200 OK"
2025-11-21 06:31:36,840 - INFO - httpx - HTTP Request: POST https://api.telegram.org/bot8466974806:AAHLSzK9xJzbLH1ckfXoPCyE4SjIAYD-pfM/getUpdates "HTTP/1.1 200 OK"
2025-11-21 06:31:36,918 - INFO - httpx - HTTP Request: POST https://api.telegram.org/bot8466974806:AAHLSzK9xJzbLH1ckfXoPCyE4SjIAYD-pfM/answerCallbackQuery "HTTP/1.1 200 OK"
2025-11-21 06:31:39,760 - INFO - httpx - HTTP Request: POST https://api.telegram.org/bot8466974806:AAHLSzK9xJzbLH1ckfXoPCyE4SjIAYD-pfM/editMessageText "HTTP/1.1 200 OK"
2025-11-21 06:31:40,874 - INFO - httpx - HTTP Request: POST https://api.telegram.org/bot8466974806:AAHLSzK9xJzbLH1ckfXoPCyE4SjIAYD-pfM/getUpdates "HTTP/1.1 200 OK"
2025-11-21 06:31:40,950 - INFO - httpx - HTTP Request: POST https://api.telegram.org/bot8466974806:AAHLSzK9xJzbLH1ckfXoPCyE4SjIAYD-pfM/answerCallbackQuery "HTTP/1.1 200 OK"
2025-11-21 06:31:42,331 - INFO - httpx - HTTP Request: POST https://api.telegram.org/bot8466974806:AAHLSzK9xJzbLH1ckfXoPCyE4SjIAYD-pfM/editMessageText "HTTP/1.1 200 OK"
2025-11-21 06:31:44,473 - INFO - httpx - HTTP Request: POST https://api.telegram.org/bot8466974806:AAHLSzK9xJzbLH1ckfXoPCyE4SjIAYD-pfM/getUpdates "HTTP/1.1 200 OK"
2025-11-21 06:31:44,548 - INFO - httpx - HTTP Request: POST https://api.telegram.org/bot8466974806:AAHLSzK9xJzbLH1ckfXoPCyE4SjIAYD-pfM/answerCallbackQuery "HTTP/1.1 200 OK"
2025-11-21 06:31:47,198 - INFO - httpx - HTTP Request: POST https://api.telegram.org/bot8466974806:AAHLSzK9xJzbLH1ckfXoPCyE4SjIAYD-pfM/editMessageText "HTTP/1.1 200 OK"
2025-11-21 06:31:52,685 - INFO - httpx - HTTP Request: POST https://api.telegram.org/bot8466974806:AAHLSzK9xJzbLH1ckfXoPCyE4SjIAYD-pfM/getUpdates "HTTP/1.1 200 OK"
2025-11-21 06:31:52,914 - INFO - httpx - HTTP Request: POST https://api.telegram.org/bot8466974806:AAHLSzK9xJzbLH1ckfXoPCyE4SjIAYD-pfM/sendMessage "HTTP/1.1 200 OK"
2025-11-21 06:31:56,469 - INFO - httpx - HTTP Request: POST https://api.telegram.org/bot8466974806:AAHLSzK9xJzbLH1ckfXoPCyE4SjIAYD-pfM/getUpdates "HTTP/1.1 200 OK"
2025-11-21 06:31:56,571 - INFO - httpx - HTTP Request: POST https://api.telegram.org/bot8466974806:AAHLSzK9xJzbLH1ckfXoPCyE4SjIAYD-pfM/sendMessage "HTTP/1.1 200 OK"
2025-11-21 06:31:57,908 - INFO - httpx - HTTP Request: POST https://api.telegram.org/bot8466974806:AAHLSzK9xJzbLH1ckfXoPCyE4SjIAYD-pfM/getUpdates "HTTP/1.1 200 OK"
2025-11-21 06:31:57,984 - INFO - httpx - HTTP Request: POST https://api.telegram.org/bot8466974806:AAHLSzK9xJzbLH1ckfXoPCyE4SjIAYD-pfM/answerCallbackQuery "HTTP/1.1 200 OK"
2025-11-21 06:31:58,069 - INFO - httpx - HTTP Request: POST https://api.telegram.org/bot8466974806:AAHLSzK9xJzbLH1ckfXoPCyE4SjIAYD-pfM/editMessageText "HTTP/1.1 200 OK"
2025-11-21 06:32:00,025 - INFO - httpx - HTTP Request: POST https://api.telegram.org/bot8466974806:AAHLSzK9xJzbLH1ckfXoPCyE4SjIAYD-pfM/getUpdates "HTTP/1.1 200 OK"
2025-11-21 06:32:00,115 - INFO - httpx - HTTP Request: POST https://api.telegram.org/bot8466974806:AAHLSzK9xJzbLH1ckfXoPCyE4SjIAYD-pfM/answerCallbackQuery "HTTP/1.1 200 OK"
2025-11-21 06:32:01,450 - INFO - httpx - HTTP Request: POST https://api.telegram.org/bot8466974806:AAHLSzK9xJzbLH1ckfXoPCyE4SjIAYD-pfM/editMessageText "HTTP/1.1 200 OK"
2025-11-21 06:32:03,151 - INFO - httpx - HTTP Request: POST https://api.telegram.org/bot8466974806:AAHLSzK9xJzbLH1ckfXoPCyE4SjIAYD-pfM/getUpdates "HTTP/1.1 200 OK"
2025-11-21 06:32:03,274 - INFO - httpx - HTTP Request: POST https://api.telegram.org/bot8466974806:AAHLSzK9xJzbLH1ckfXoPCyE4SjIAYD-pfM/answerCallbackQuery "HTTP/1.1 200 OK"
2025-11-21 06:32:05,063 - INFO - httpx - HTTP Request: POST https://api.telegram.org/bot8466974806:AAHLSzK9xJzbLH1ckfXoPCyE4SjIAYD-pfM/sendMessage "HTTP/1.1 200 OK"
2025-11-21 06:32:05,173 - INFO - httpx - HTTP Request: POST https://api.telegram.org/bot8466974806:AAHLSzK9xJzbLH1ckfXoPCyE4SjIAYD-pfM/editMessageText "HTTP/1.1 200 OK"
2025-11-21 06:32:06,731 - INFO - httpx - HTTP Request: POST https://api.telegram.org/bot8466974806:AAHLSzK9xJzbLH1ckfXoPCyE4SjIAYD-pfM/getUpdates "HTTP/1.1 200 OK"
2025-11-21 06:32:06,805 - INFO - httpx - HTTP Request: POST https://api.telegram.org/bot8466974806:AAHLSzK9xJzbLH1ckfXoPCyE4SjIAYD-pfM/answerCallbackQuery "HTTP/1.1 200 OK"
2025-11-21 06:32:06,892 - INFO - httpx - HTTP Request: POST https://api.telegram.org/bot8466974806:AAHLSzK9xJzbLH1ckfXoPCyE4SjIAYD-pfM/sendMessage "HTTP/1.1 200 OK"
2025-11-21 06:32:06,998 - INFO - httpx - HTTP Request: POST https://api.telegram.org/bot8466974806:AAHLSzK9xJzbLH1ckfXoPCyE4SjIAYD-pfM/editMessageText "HTTP/1.1 200 OK"
2025-11-21 06:32:16,807 - INFO - httpx - HTTP Request: POST https://api.telegram.org/bot8466974806:AAHLSzK9xJzbLH1ckfXoPCyE4SjIAYD-pfM/getUpdates "HTTP/1.1 200 OK"
2025-11-21 06:32:26,886 - INFO - httpx - HTTP Request: POST https://api.telegram.org/bot8466974806:AAHLSzK9xJzbLH1ckfXoPCyE4SjIAYD-pfM/getUpdates "HTTP/1.1 200 OK"
2025-11-21 06:32:36,967 - INFO - httpx - HTTP Request: POST https://api.telegram.org/bot8466974806:AAHLSzK9xJzbLH1ckfXoPCyE4SjIAYD-pfM/getUpdates "HTTP/1.1 200 OK"
2025-11-21 06:32:47,041 - INFO - httpx - HTTP Request: POST https://api.telegram.org/bot8466974806:AAHLSzK9xJzbLH1ckfXoPCyE4SjIAYD-pfM/getUpdates "HTTP/1.1 200 OK"
2025-11-21 06:32:52,745 - INFO - httpx - HTTP Request: POST https://api.telegram.org/bot8466974806:AAHLSzK9xJzbLH1ckfXoPCyE4SjIAYD-pfM/getUpdates "HTTP/1.1 200 OK"
2025-11-21 06:32:52,746 - INFO - telegram.ext.Application - Application is stopping. This might take a moment.
2025-11-21 06:32:52,748 - INFO - telegram.ext.Application - Application.stop() complete
